App_flutter/build/app/intermediates/manifest_merge_blame_file/debug/processDebugMainManifest/manifest-merger-blame-debug-report.txt
1<?xml version="1.0" encoding="utf-8"?>
2<manifest xmlns:android="http://schemas.android.com/apk/res/android"
3    package="com.example.app_flutter"
4    android:versionCode="1"
5    android:versionName="1.0.0" >
6
7    <uses-sdk
8        android:minSdkVersion="23"
9        android:targetSdkVersion="35" />
10    <!--
11         The INTERNET permission is required for development. Specifically,
12         the Flutter tool needs it to communicate with the running application
13         to allow setting breakpoints, to provide hot reload, etc.
14    -->
15    <uses-permission android:name="android.permission.INTERNET" />
15-->src\debug\AndroidManifest.xml:6:5-66
15-->src\debug\AndroidManifest.xml:6:22-64
16    <!-- 기존 queries 유지 -->
17    <queries>
17-->src\main\AndroidManifest.xml:52:5-57:15
18        <intent>
18-->src\main\AndroidManifest.xml:53:9-56:18
19            <action android:name="android.intent.action.PROCESS_TEXT" />
19-->src\main\AndroidManifest.xml:54:13-72
19-->src\main\AndroidManifest.xml:54:21-70
20
21            <data android:mimeType="text/plain" />
21-->src\main\AndroidManifest.xml:55:13-50
21-->src\main\AndroidManifest.xml:55:19-48
22        </intent>
23
24        <package android:name="com.kakao.talk" />
24-->[:kakao_flutter_sdk_common] AndroidManifest.xml:8:9-50
24-->[:kakao_flutter_sdk_common] AndroidManifest.xml:8:18-47
25        <package android:name="com.kakao.talk.alpha" />
25-->[:kakao_flutter_sdk_common] AndroidManifest.xml:9:9-56
25-->[:kakao_flutter_sdk_common] AndroidManifest.xml:9:18-53
26        <package android:name="com.kakao.talk.sandbox" />
26-->[:kakao_flutter_sdk_common] AndroidManifest.xml:10:9-58
26-->[:kakao_flutter_sdk_common] AndroidManifest.xml:10:18-55
27        <package android:name="com.kakao.onetalk" />
27-->[:kakao_flutter_sdk_common] AndroidManifest.xml:11:9-53
27-->[:kakao_flutter_sdk_common] AndroidManifest.xml:11:18-50
28        <package android:name="com.locnall.KimGiSa" />
28-->[:kakao_flutter_sdk_common] AndroidManifest.xml:12:9-55
28-->[:kakao_flutter_sdk_common] AndroidManifest.xml:12:18-52
29        <package android:name="com.lguplus.navi" />
29-->[:kakao_flutter_sdk_common] AndroidManifest.xml:13:9-52
29-->[:kakao_flutter_sdk_common] AndroidManifest.xml:13:18-49
30
31        <intent>
31-->[:kakao_flutter_sdk_common] AndroidManifest.xml:15:9-21:18
32            <action android:name="android.intent.action.VIEW" />
32-->[:kakao_flutter_sdk_common] AndroidManifest.xml:16:13-65
32-->[:kakao_flutter_sdk_common] AndroidManifest.xml:16:21-62
33
34            <category android:name="android.intent.category.BROWSABLE" />
34-->[:kakao_flutter_sdk_common] AndroidManifest.xml:18:13-74
34-->[:kakao_flutter_sdk_common] AndroidManifest.xml:18:23-71
35
36            <data android:scheme="https" />
36-->src\main\AndroidManifest.xml:55:13-50
37        </intent> <!-- Needs to be explicitly declared on Android R+ -->
38        <package android:name="com.google.android.apps.maps" />
38-->[com.google.android.gms:play-services-maps:18.2.0] AndroidManifest.xml:33:9-64
38-->[com.google.android.gms:play-services-maps:18.2.0] AndroidManifest.xml:33:18-61
39    </queries> <!-- Although the *SdkVersion is captured in gradle build files, this is required for non gradle builds -->
40    <!-- <uses-sdk android:minSdkVersion="21" /> -->
41    <uses-permission android:name="android.permission.ACCESS_NETWORK_STATE" />
41-->[com.google.firebase:firebase-firestore:25.1.3] AndroidManifest.xml:10:5-79
41-->[com.google.firebase:firebase-firestore:25.1.3] AndroidManifest.xml:10:22-76
42    <uses-permission android:name="android.permission.WAKE_LOCK" />
42-->[com.google.android.gms:play-services-measurement-api:22.4.0] AndroidManifest.xml:24:5-68
42-->[com.google.android.gms:play-services-measurement-api:22.4.0] AndroidManifest.xml:24:22-65
43    <uses-permission android:name="com.google.android.gms.permission.AD_ID" />
43-->[com.google.android.gms:play-services-measurement-api:22.4.0] AndroidManifest.xml:25:5-79
43-->[com.google.android.gms:play-services-measurement-api:22.4.0] AndroidManifest.xml:25:22-76
44    <uses-permission android:name="android.permission.ACCESS_ADSERVICES_ATTRIBUTION" />
44-->[com.google.android.gms:play-services-measurement-api:22.4.0] AndroidManifest.xml:26:5-88
44-->[com.google.android.gms:play-services-measurement-api:22.4.0] AndroidManifest.xml:26:22-85
45    <uses-permission android:name="android.permission.ACCESS_ADSERVICES_AD_ID" />
45-->[com.google.android.gms:play-services-measurement-api:22.4.0] AndroidManifest.xml:27:5-82
45-->[com.google.android.gms:play-services-measurement-api:22.4.0] AndroidManifest.xml:27:22-79
46
47    <uses-feature
47-->[com.google.android.gms:play-services-maps:18.2.0] AndroidManifest.xml:26:5-28:35
48        android:glEsVersion="0x00020000"
48-->[com.google.android.gms:play-services-maps:18.2.0] AndroidManifest.xml:27:9-41
49        android:required="true" />
49-->[com.google.android.gms:play-services-maps:18.2.0] AndroidManifest.xml:28:9-32
50
51    <uses-permission android:name="com.google.android.finsky.permission.BIND_GET_INSTALL_REFERRER_SERVICE" />
51-->[com.google.android.gms:play-services-measurement:22.4.0] AndroidManifest.xml:26:5-110
51-->[com.google.android.gms:play-services-measurement:22.4.0] AndroidManifest.xml:26:22-107
52    <uses-permission android:name="com.google.android.providers.gsf.permission.READ_GSERVICES" />
52-->[com.google.android.recaptcha:recaptcha:18.6.1] AndroidManifest.xml:9:5-98
52-->[com.google.android.recaptcha:recaptcha:18.6.1] AndroidManifest.xml:9:22-95
53
54    <permission
54-->[androidx.core:core:1.13.1] AndroidManifest.xml:22:5-24:47
55        android:name="com.example.app_flutter.DYNAMIC_RECEIVER_NOT_EXPORTED_PERMISSION"
55-->[androidx.core:core:1.13.1] AndroidManifest.xml:23:9-81
56        android:protectionLevel="signature" />
56-->[androidx.core:core:1.13.1] AndroidManifest.xml:24:9-44
57
58    <uses-permission android:name="com.example.app_flutter.DYNAMIC_RECEIVER_NOT_EXPORTED_PERMISSION" />
58-->[androidx.core:core:1.13.1] AndroidManifest.xml:26:5-97
58-->[androidx.core:core:1.13.1] AndroidManifest.xml:26:22-94
59
60    <application
61        android:name="android.app.Application"
62        android:appComponentFactory="androidx.core.app.CoreComponentFactory"
62-->[androidx.core:core:1.13.1] AndroidManifest.xml:28:18-86
63        android:debuggable="true"
64        android:enableOnBackInvokedCallback="true"
65        android:extractNativeLibs="false"
66        android:icon="@mipmap/ic_launcher"
67        android:label="app_flutter" >
68
69        <!-- 기존 Activity -->
70        <activity
71            android:name="com.example.app_flutter.MainActivity"
72            android:configChanges="orientation|keyboardHidden|keyboard|screenSize|smallestScreenSize|locale|layoutDirection|fontScale|screenLayout|density|uiMode"
73            android:exported="true"
74            android:hardwareAccelerated="true"
75            android:launchMode="singleTop"
76            android:taskAffinity=""
77            android:theme="@style/LaunchTheme"
78            android:windowSoftInputMode="adjustResize" >
79
80            <!-- 기존 meta-data와 intent-filter 유지 -->
81            <meta-data
82                android:name="io.flutter.embedding.android.NormalTheme"
83                android:resource="@style/NormalTheme" />
84
85            <intent-filter>
86                <action android:name="android.intent.action.MAIN" />
87
88                <category android:name="android.intent.category.LAUNCHER" />
89            </intent-filter>
90        </activity>
91
92        <!-- 카카오 로그인을 위한 Activity 추가 -->
93        <activity
94            android:name="com.kakao.sdk.flutter.AuthCodeCustomTabsActivity"
95            android:exported="true"
96            android:launchMode="singleTask"
96-->[:kakao_flutter_sdk_common] AndroidManifest.xml:39:13-44
97            android:theme="@style/TransparentCompat" >
97-->[:kakao_flutter_sdk_common] AndroidManifest.xml:40:13-53
98            <intent-filter>
99                <action android:name="android.intent.action.VIEW" />
99-->[:kakao_flutter_sdk_common] AndroidManifest.xml:16:13-65
99-->[:kakao_flutter_sdk_common] AndroidManifest.xml:16:21-62
100
101                <category android:name="android.intent.category.DEFAULT" />
101-->[com.google.firebase:firebase-auth:23.2.0] AndroidManifest.xml:38:17-76
101-->[com.google.firebase:firebase-auth:23.2.0] AndroidManifest.xml:38:27-73
102                <category android:name="android.intent.category.BROWSABLE" />
102-->[:kakao_flutter_sdk_common] AndroidManifest.xml:18:13-74
102-->[:kakao_flutter_sdk_common] AndroidManifest.xml:18:23-71
103
104                <data
104-->src\main\AndroidManifest.xml:55:13-50
105                    android:host="oauth"
106                    android:scheme="kakaof72cc05a22c1e94081315d79eb930c42" />
107            </intent-filter>
108        </activity>
109
110        <!-- 기존 meta-data 유지 -->
111        <meta-data
112            android:name="flutterEmbedding"
113            android:value="2" />
114        <meta-data
115            android:name="com.google.android.geo.API_KEY"
116            android:value="AIzaSyDC785Ol-Spt08q6Q3l86UDwTdWhC-oEuw" />
117
118        <activity
118-->[:kakao_flutter_sdk_common] AndroidManifest.xml:25:9-30:56
119            android:name="com.kakao.sdk.flutter.TalkAuthCodeActivity"
119-->[:kakao_flutter_sdk_common] AndroidManifest.xml:26:13-70
120            android:configChanges="orientation|screenSize|keyboardHidden|uiMode"
120-->[:kakao_flutter_sdk_common] AndroidManifest.xml:27:13-81
121            android:exported="false"
121-->[:kakao_flutter_sdk_common] AndroidManifest.xml:28:13-37
122            android:launchMode="singleTask"
122-->[:kakao_flutter_sdk_common] AndroidManifest.xml:29:13-44
123            android:theme="@style/TransparentCompat" />
123-->[:kakao_flutter_sdk_common] AndroidManifest.xml:30:13-53
124        <activity
124-->[:kakao_flutter_sdk_common] AndroidManifest.xml:31:9-35:56
125            android:name="com.kakao.sdk.flutter.CustomTabsActivity"
125-->[:kakao_flutter_sdk_common] AndroidManifest.xml:32:13-68
126            android:exported="true"
126-->[:kakao_flutter_sdk_common] AndroidManifest.xml:33:13-36
127            android:launchMode="singleTask"
127-->[:kakao_flutter_sdk_common] AndroidManifest.xml:34:13-44
128            android:theme="@style/TransparentCompat" />
128-->[:kakao_flutter_sdk_common] AndroidManifest.xml:35:13-53
129        <activity
129-->[:kakao_flutter_sdk_common] AndroidManifest.xml:41:9-45:56
130            android:name="com.kakao.sdk.flutter.FollowChannelHandlerActivity"
130-->[:kakao_flutter_sdk_common] AndroidManifest.xml:42:13-78
131            android:exported="true"
131-->[:kakao_flutter_sdk_common] AndroidManifest.xml:43:13-36
132            android:launchMode="singleTask"
132-->[:kakao_flutter_sdk_common] AndroidManifest.xml:44:13-44
133            android:theme="@style/TransparentCompat" />
133-->[:kakao_flutter_sdk_common] AndroidManifest.xml:45:13-53
134        <activity
134-->[:kakao_flutter_sdk_common] AndroidManifest.xml:46:9-50:56
135            android:name="com.kakao.sdk.flutter.AppsHandlerActivity"
135-->[:kakao_flutter_sdk_common] AndroidManifest.xml:47:13-69
136            android:exported="true"
136-->[:kakao_flutter_sdk_common] AndroidManifest.xml:48:13-36
137            android:launchMode="singleTask"
137-->[:kakao_flutter_sdk_common] AndroidManifest.xml:49:13-44
138            android:theme="@style/TransparentCompat" />
138-->[:kakao_flutter_sdk_common] AndroidManifest.xml:50:13-53
139
140        <service
140-->[:cloud_firestore] AndroidManifest.xml:8:9-12:19
141            android:name="com.google.firebase.components.ComponentDiscoveryService"
141-->[:cloud_firestore] AndroidManifest.xml:8:18-89
142            android:directBootAware="true"
142-->[com.google.firebase:firebase-common:21.0.0] AndroidManifest.xml:32:13-43
143            android:exported="false" >
143-->[com.google.firebase:firebase-firestore:25.1.3] AndroidManifest.xml:16:13-37
144            <meta-data
144-->[:cloud_firestore] AndroidManifest.xml:9:13-11:85
145                android:name="com.google.firebase.components:io.flutter.plugins.firebase.firestore.FlutterFirebaseFirestoreRegistrar"
145-->[:cloud_firestore] AndroidManifest.xml:10:17-134
146                android:value="com.google.firebase.components.ComponentRegistrar" />
146-->[:cloud_firestore] AndroidManifest.xml:11:17-82
147            <meta-data
147-->[:firebase_auth] AndroidManifest.xml:9:13-11:85
148                android:name="com.google.firebase.components:io.flutter.plugins.firebase.auth.FlutterFirebaseAuthRegistrar"
148-->[:firebase_auth] AndroidManifest.xml:10:17-124
149                android:value="com.google.firebase.components.ComponentRegistrar" />
149-->[:firebase_auth] AndroidManifest.xml:11:17-82
150            <meta-data
150-->[:firebase_core] AndroidManifest.xml:9:13-11:85
151                android:name="com.google.firebase.components:io.flutter.plugins.firebase.core.FlutterFirebaseCoreRegistrar"
151-->[:firebase_core] AndroidManifest.xml:10:17-124
152                android:value="com.google.firebase.components.ComponentRegistrar" />
152-->[:firebase_core] AndroidManifest.xml:11:17-82
153            <meta-data
153-->[com.google.firebase:firebase-firestore:25.1.3] AndroidManifest.xml:17:13-19:85
154                android:name="com.google.firebase.components:com.google.firebase.firestore.FirebaseFirestoreKtxRegistrar"
154-->[com.google.firebase:firebase-firestore:25.1.3] AndroidManifest.xml:18:17-122
155                android:value="com.google.firebase.components.ComponentRegistrar" />
155-->[com.google.firebase:firebase-firestore:25.1.3] AndroidManifest.xml:19:17-82
156            <meta-data
156-->[com.google.firebase:firebase-firestore:25.1.3] AndroidManifest.xml:20:13-22:85
157                android:name="com.google.firebase.components:com.google.firebase.firestore.FirestoreRegistrar"
157-->[com.google.firebase:firebase-firestore:25.1.3] AndroidManifest.xml:21:17-111
158                android:value="com.google.firebase.components.ComponentRegistrar" />
158-->[com.google.firebase:firebase-firestore:25.1.3] AndroidManifest.xml:22:17-82
159            <meta-data
159-->[com.google.firebase:firebase-auth:23.2.0] AndroidManifest.xml:69:13-71:85
160                android:name="com.google.firebase.components:com.google.firebase.auth.FirebaseAuthRegistrar"
160-->[com.google.firebase:firebase-auth:23.2.0] AndroidManifest.xml:70:17-109
161                android:value="com.google.firebase.components.ComponentRegistrar" />
161-->[com.google.firebase:firebase-auth:23.2.0] AndroidManifest.xml:71:17-82
162            <meta-data
162-->[com.google.android.gms:play-services-measurement-api:22.4.0] AndroidManifest.xml:33:13-35:85
163                android:name="com.google.firebase.components:com.google.firebase.analytics.connector.internal.AnalyticsConnectorRegistrar"
163-->[com.google.android.gms:play-services-measurement-api:22.4.0] AndroidManifest.xml:34:17-139
164                android:value="com.google.firebase.components.ComponentRegistrar" />
164-->[com.google.android.gms:play-services-measurement-api:22.4.0] AndroidManifest.xml:35:17-82
165            <meta-data
165-->[com.google.firebase:firebase-installations:18.0.0] AndroidManifest.xml:15:13-17:85
166                android:name="com.google.firebase.components:com.google.firebase.installations.FirebaseInstallationsKtxRegistrar"
166-->[com.google.firebase:firebase-installations:18.0.0] AndroidManifest.xml:16:17-130
167                android:value="com.google.firebase.components.ComponentRegistrar" />
167-->[com.google.firebase:firebase-installations:18.0.0] AndroidManifest.xml:17:17-82
168            <meta-data
168-->[com.google.firebase:firebase-installations:18.0.0] AndroidManifest.xml:18:13-20:85
169                android:name="com.google.firebase.components:com.google.firebase.installations.FirebaseInstallationsRegistrar"
169-->[com.google.firebase:firebase-installations:18.0.0] AndroidManifest.xml:19:17-127
170                android:value="com.google.firebase.components.ComponentRegistrar" />
170-->[com.google.firebase:firebase-installations:18.0.0] AndroidManifest.xml:20:17-82
171            <meta-data
171-->[com.google.firebase:firebase-common-ktx:21.0.0] AndroidManifest.xml:12:13-14:85
172                android:name="com.google.firebase.components:com.google.firebase.ktx.FirebaseCommonLegacyRegistrar"
172-->[com.google.firebase:firebase-common-ktx:21.0.0] AndroidManifest.xml:13:17-116
173                android:value="com.google.firebase.components.ComponentRegistrar" />
173-->[com.google.firebase:firebase-common-ktx:21.0.0] AndroidManifest.xml:14:17-82
174            <meta-data
174-->[com.google.firebase:firebase-common:21.0.0] AndroidManifest.xml:35:13-37:85
175                android:name="com.google.firebase.components:com.google.firebase.FirebaseCommonKtxRegistrar"
175-->[com.google.firebase:firebase-common:21.0.0] AndroidManifest.xml:36:17-109
176                android:value="com.google.firebase.components.ComponentRegistrar" />
176-->[com.google.firebase:firebase-common:21.0.0] AndroidManifest.xml:37:17-82
177        </service>
178
179        <activity
179-->[com.google.firebase:firebase-auth:23.2.0] AndroidManifest.xml:29:9-46:20
180            android:name="com.google.firebase.auth.internal.GenericIdpActivity"
180-->[com.google.firebase:firebase-auth:23.2.0] AndroidManifest.xml:30:13-80
181            android:excludeFromRecents="true"
181-->[com.google.firebase:firebase-auth:23.2.0] AndroidManifest.xml:31:13-46
182            android:exported="true"
182-->[com.google.firebase:firebase-auth:23.2.0] AndroidManifest.xml:32:13-36
183            android:launchMode="singleTask"
183-->[com.google.firebase:firebase-auth:23.2.0] AndroidManifest.xml:33:13-44
184            android:theme="@android:style/Theme.Translucent.NoTitleBar" >
184-->[com.google.firebase:firebase-auth:23.2.0] AndroidManifest.xml:34:13-72
185            <intent-filter>
185-->[com.google.firebase:firebase-auth:23.2.0] AndroidManifest.xml:35:13-45:29
186                <action android:name="android.intent.action.VIEW" />
186-->[:kakao_flutter_sdk_common] AndroidManifest.xml:16:13-65
186-->[:kakao_flutter_sdk_common] AndroidManifest.xml:16:21-62
187
188                <category android:name="android.intent.category.DEFAULT" />
188-->[com.google.firebase:firebase-auth:23.2.0] AndroidManifest.xml:38:17-76
188-->[com.google.firebase:firebase-auth:23.2.0] AndroidManifest.xml:38:27-73
189                <category android:name="android.intent.category.BROWSABLE" />
189-->[:kakao_flutter_sdk_common] AndroidManifest.xml:18:13-74
189-->[:kakao_flutter_sdk_common] AndroidManifest.xml:18:23-71
190
191                <data
191-->src\main\AndroidManifest.xml:55:13-50
192                    android:host="firebase.auth"
193                    android:path="/"
194                    android:scheme="genericidp" />
195            </intent-filter>
196        </activity>
197        <activity
197-->[com.google.firebase:firebase-auth:23.2.0] AndroidManifest.xml:47:9-64:20
198            android:name="com.google.firebase.auth.internal.RecaptchaActivity"
198-->[com.google.firebase:firebase-auth:23.2.0] AndroidManifest.xml:48:13-79
199            android:excludeFromRecents="true"
199-->[com.google.firebase:firebase-auth:23.2.0] AndroidManifest.xml:49:13-46
200            android:exported="true"
200-->[com.google.firebase:firebase-auth:23.2.0] AndroidManifest.xml:50:13-36
201            android:launchMode="singleTask"
201-->[com.google.firebase:firebase-auth:23.2.0] AndroidManifest.xml:51:13-44
202            android:theme="@android:style/Theme.Translucent.NoTitleBar" >
202-->[com.google.firebase:firebase-auth:23.2.0] AndroidManifest.xml:52:13-72
203            <intent-filter>
203-->[com.google.firebase:firebase-auth:23.2.0] AndroidManifest.xml:53:13-63:29
204                <action android:name="android.intent.action.VIEW" />
204-->[:kakao_flutter_sdk_common] AndroidManifest.xml:16:13-65
204-->[:kakao_flutter_sdk_common] AndroidManifest.xml:16:21-62
205
206                <category android:name="android.intent.category.DEFAULT" />
206-->[com.google.firebase:firebase-auth:23.2.0] AndroidManifest.xml:38:17-76
206-->[com.google.firebase:firebase-auth:23.2.0] AndroidManifest.xml:38:27-73
207                <category android:name="android.intent.category.BROWSABLE" />
207-->[:kakao_flutter_sdk_common] AndroidManifest.xml:18:13-74
207-->[:kakao_flutter_sdk_common] AndroidManifest.xml:18:23-71
208
209                <data
209-->src\main\AndroidManifest.xml:55:13-50
210                    android:host="firebase.auth"
211                    android:path="/"
212                    android:scheme="recaptcha" />
213            </intent-filter>
214        </activity>
215
216        <service
216-->[androidx.credentials:credentials-play-services-auth:1.2.0-rc01] AndroidManifest.xml:24:9-32:19
217            android:name="androidx.credentials.playservices.CredentialProviderMetadataHolder"
217-->[androidx.credentials:credentials-play-services-auth:1.2.0-rc01] AndroidManifest.xml:25:13-94
218            android:enabled="true"
218-->[androidx.credentials:credentials-play-services-auth:1.2.0-rc01] AndroidManifest.xml:26:13-35
219            android:exported="false" >
219-->[androidx.credentials:credentials-play-services-auth:1.2.0-rc01] AndroidManifest.xml:27:13-37
220            <meta-data
220-->[androidx.credentials:credentials-play-services-auth:1.2.0-rc01] AndroidManifest.xml:29:13-31:104
221                android:name="androidx.credentials.CREDENTIAL_PROVIDER_KEY"
221-->[androidx.credentials:credentials-play-services-auth:1.2.0-rc01] AndroidManifest.xml:30:17-76
222                android:value="androidx.credentials.playservices.CredentialProviderPlayServicesImpl" />
222-->[androidx.credentials:credentials-play-services-auth:1.2.0-rc01] AndroidManifest.xml:31:17-101
223        </service>
224
225        <activity
225-->[androidx.credentials:credentials-play-services-auth:1.2.0-rc01] AndroidManifest.xml:34:9-41:20
226            android:name="androidx.credentials.playservices.HiddenActivity"
226-->[androidx.credentials:credentials-play-services-auth:1.2.0-rc01] AndroidManifest.xml:35:13-76
227            android:configChanges="orientation|screenSize|screenLayout|keyboardHidden"
227-->[androidx.credentials:credentials-play-services-auth:1.2.0-rc01] AndroidManifest.xml:36:13-87
228            android:enabled="true"
228-->[androidx.credentials:credentials-play-services-auth:1.2.0-rc01] AndroidManifest.xml:37:13-35
229            android:exported="false"
229-->[androidx.credentials:credentials-play-services-auth:1.2.0-rc01] AndroidManifest.xml:38:13-37
230            android:fitsSystemWindows="true"
230-->[androidx.credentials:credentials-play-services-auth:1.2.0-rc01] AndroidManifest.xml:39:13-45
231            android:theme="@style/Theme.Hidden" >
231-->[androidx.credentials:credentials-play-services-auth:1.2.0-rc01] AndroidManifest.xml:40:13-48
232        </activity>
233
234        <provider
234-->[:image_picker_android] AndroidManifest.xml:9:9-17:20
235            android:name="io.flutter.plugins.imagepicker.ImagePickerFileProvider"
235-->[:image_picker_android] AndroidManifest.xml:10:13-82
236            android:authorities="com.example.app_flutter.flutter.image_provider"
236-->[:image_picker_android] AndroidManifest.xml:11:13-74
237            android:exported="false"
237-->[:image_picker_android] AndroidManifest.xml:12:13-37
238            android:grantUriPermissions="true" >
238-->[:image_picker_android] AndroidManifest.xml:13:13-47
239            <meta-data
239-->[:image_picker_android] AndroidManifest.xml:14:13-16:75
240                android:name="android.support.FILE_PROVIDER_PATHS"
240-->[:image_picker_android] AndroidManifest.xml:15:17-67
241                android:resource="@xml/flutter_image_picker_file_paths" />
241-->[:image_picker_android] AndroidManifest.xml:16:17-72
242        </provider> <!-- Trigger Google Play services to install the backported photo picker module. -->
243        <service
243-->[:image_picker_android] AndroidManifest.xml:19:9-31:19
244            android:name="com.google.android.gms.metadata.ModuleDependencies"
244-->[:image_picker_android] AndroidManifest.xml:20:13-78
245            android:enabled="false"
245-->[:image_picker_android] AndroidManifest.xml:21:13-36
246            android:exported="false" >
246-->[:image_picker_android] AndroidManifest.xml:22:13-37
247            <intent-filter>
247-->[:image_picker_android] AndroidManifest.xml:24:13-26:29
248                <action android:name="com.google.android.gms.metadata.MODULE_DEPENDENCIES" />
248-->[:image_picker_android] AndroidManifest.xml:25:17-94
248-->[:image_picker_android] AndroidManifest.xml:25:25-91
249            </intent-filter>
250
251            <meta-data
251-->[:image_picker_android] AndroidManifest.xml:28:13-30:36
252                android:name="photopicker_activity:0:required"
252-->[:image_picker_android] AndroidManifest.xml:29:17-63
253                android:value="" />
253-->[:image_picker_android] AndroidManifest.xml:30:17-33
254        </service> <!-- Needs to be explicitly declared on P+ -->
255        <uses-library
255-->[com.google.android.gms:play-services-maps:18.2.0] AndroidManifest.xml:39:9-41:40
256            android:name="org.apache.http.legacy"
256-->[com.google.android.gms:play-services-maps:18.2.0] AndroidManifest.xml:40:13-50
257            android:required="false" />
257-->[com.google.android.gms:play-services-maps:18.2.0] AndroidManifest.xml:41:13-37
258
259        <activity
259-->[com.google.android.gms:play-services-auth:21.0.0] AndroidManifest.xml:23:9-27:75
260            android:name="com.google.android.gms.auth.api.signin.internal.SignInHubActivity"
260-->[com.google.android.gms:play-services-auth:21.0.0] AndroidManifest.xml:24:13-93
261            android:excludeFromRecents="true"
261-->[com.google.android.gms:play-services-auth:21.0.0] AndroidManifest.xml:25:13-46
262            android:exported="false"
262-->[com.google.android.gms:play-services-auth:21.0.0] AndroidManifest.xml:26:13-37
263            android:theme="@android:style/Theme.Translucent.NoTitleBar" />
263-->[com.google.android.gms:play-services-auth:21.0.0] AndroidManifest.xml:27:13-72
264        <!--
265            Service handling Google Sign-In user revocation. For apps that do not integrate with
266            Google Sign-In, this service will never be started.
267        -->
268        <service
268-->[com.google.android.gms:play-services-auth:21.0.0] AndroidManifest.xml:33:9-37:51
269            android:name="com.google.android.gms.auth.api.signin.RevocationBoundService"
269-->[com.google.android.gms:play-services-auth:21.0.0] AndroidManifest.xml:34:13-89
270            android:exported="true"
270-->[com.google.android.gms:play-services-auth:21.0.0] AndroidManifest.xml:35:13-36
271            android:permission="com.google.android.gms.auth.api.signin.permission.REVOCATION_NOTIFICATION"
271-->[com.google.android.gms:play-services-auth:21.0.0] AndroidManifest.xml:36:13-107
272            android:visibleToInstantApps="true" />
272-->[com.google.android.gms:play-services-auth:21.0.0] AndroidManifest.xml:37:13-48
273
274        <provider
274-->[com.google.firebase:firebase-common:21.0.0] AndroidManifest.xml:23:9-28:39
275            android:name="com.google.firebase.provider.FirebaseInitProvider"
275-->[com.google.firebase:firebase-common:21.0.0] AndroidManifest.xml:24:13-77
276            android:authorities="com.example.app_flutter.firebaseinitprovider"
276-->[com.google.firebase:firebase-common:21.0.0] AndroidManifest.xml:25:13-72
277            android:directBootAware="true"
277-->[com.google.firebase:firebase-common:21.0.0] AndroidManifest.xml:26:13-43
278            android:exported="false"
278-->[com.google.firebase:firebase-common:21.0.0] AndroidManifest.xml:27:13-37
279            android:initOrder="100" />
279-->[com.google.firebase:firebase-common:21.0.0] AndroidManifest.xml:28:13-36
280
281        <receiver
281-->[com.google.android.gms:play-services-measurement:22.4.0] AndroidManifest.xml:29:9-33:20
282            android:name="com.google.android.gms.measurement.AppMeasurementReceiver"
282-->[com.google.android.gms:play-services-measurement:22.4.0] AndroidManifest.xml:30:13-85
283            android:enabled="true"
283-->[com.google.android.gms:play-services-measurement:22.4.0] AndroidManifest.xml:31:13-35
284            android:exported="false" >
284-->[com.google.android.gms:play-services-measurement:22.4.0] AndroidManifest.xml:32:13-37
285        </receiver>
286
287        <service
287-->[com.google.android.gms:play-services-measurement:22.4.0] AndroidManifest.xml:35:9-38:40
288            android:name="com.google.android.gms.measurement.AppMeasurementService"
288-->[com.google.android.gms:play-services-measurement:22.4.0] AndroidManifest.xml:36:13-84
289            android:enabled="true"
289-->[com.google.android.gms:play-services-measurement:22.4.0] AndroidManifest.xml:37:13-35
290            android:exported="false" />
290-->[com.google.android.gms:play-services-measurement:22.4.0] AndroidManifest.xml:38:13-37
291        <service
291-->[com.google.android.gms:play-services-measurement:22.4.0] AndroidManifest.xml:39:9-43:72
292            android:name="com.google.android.gms.measurement.AppMeasurementJobService"
292-->[com.google.android.gms:play-services-measurement:22.4.0] AndroidManifest.xml:40:13-87
293            android:enabled="true"
293-->[com.google.android.gms:play-services-measurement:22.4.0] AndroidManifest.xml:41:13-35
294            android:exported="false"
294-->[com.google.android.gms:play-services-measurement:22.4.0] AndroidManifest.xml:42:13-37
295            android:permission="android.permission.BIND_JOB_SERVICE" />